<?xml version="1.0" encoding="UTF-8"?>
<testng-results skipped="0" failed="0" ignored="0" total="1" passed="1">
  <reporter-output>
  </reporter-output>
  <suite name="Default suite" duration-ms="21778" started-at="2018-04-30T07:33:09Z" finished-at="2018-04-30T07:33:31Z">
    <groups>
    </groups>
    <test name="Default test" duration-ms="21778" started-at="2018-04-30T07:33:09Z" finished-at="2018-04-30T07:33:31Z">
      <class name="MyntraTestCases.MyntraTestCase">
        <test-method status="PASS" signature="beforeSuite()[pri:0, instance:MyntraTestCases.MyntraTestCase@1f5b51f]" name="beforeSuite" is-config="true" duration-ms="125" started-at="2018-04-30T13:03:09Z" finished-at="2018-04-30T13:03:09Z">
          <reporter-output>
          </reporter-output>
        </test-method> <!-- beforeSuite -->
        <test-method status="PASS" signature="beforeClass()[pri:0, instance:MyntraTestCases.MyntraTestCase@1f5b51f]" name="beforeClass" is-config="true" duration-ms="16" started-at="2018-04-30T13:03:09Z" finished-at="2018-04-30T13:03:09Z">
          <reporter-output>
          </reporter-output>
        </test-method> <!-- beforeClass -->
        <test-method status="PASS" signature="setData()[pri:0, instance:MyntraTestCases.MyntraTestCase@1f5b51f]" name="setData" is-config="true" duration-ms="0" started-at="2018-04-30T13:03:09Z" finished-at="2018-04-30T13:03:09Z">
          <reporter-output>
          </reporter-output>
        </test-method> <!-- setData -->
        <test-method status="PASS" signature="beforeMethod()[pri:0, instance:MyntraTestCases.MyntraTestCase@1f5b51f]" name="beforeMethod" is-config="true" duration-ms="10333" started-at="2018-04-30T13:03:09Z" finished-at="2018-04-30T13:03:20Z">
          <reporter-output>
          </reporter-output>
        </test-method> <!-- beforeMethod -->
        <test-method status="PASS" signature="MyntraTestCase_001()[pri:0, instance:MyntraTestCases.MyntraTestCase@1f5b51f]" name="MyntraTestCase_001" duration-ms="10672" started-at="2018-04-30T13:03:20Z" finished-at="2018-04-30T13:03:30Z">
          <reporter-output>
          </reporter-output>
        </test-method> <!-- MyntraTestCase_001 -->
        <test-method status="PASS" signature="afterMethod()[pri:0, instance:MyntraTestCases.MyntraTestCase@1f5b51f]" name="afterMethod" is-config="true" duration-ms="757" started-at="2018-04-30T13:03:30Z" finished-at="2018-04-30T13:03:31Z">
          <reporter-output>
          </reporter-output>
        </test-method> <!-- afterMethod -->
        <test-method status="PASS" signature="afterTest()[pri:0, instance:MyntraTestCases.MyntraTestCase@1f5b51f]" name="afterTest" is-config="true" duration-ms="0" started-at="2018-04-30T13:03:31Z" finished-at="2018-04-30T13:03:31Z">
          <reporter-output>
          </reporter-output>
        </test-method> <!-- afterTest -->
        <test-method status="PASS" signature="afterSuite()[pri:0, instance:MyntraTestCases.MyntraTestCase@1f5b51f]" name="afterSuite" is-config="true" duration-ms="313" started-at="2018-04-30T13:03:31Z" finished-at="2018-04-30T13:03:32Z">
          <reporter-output>
          </reporter-output>
        </test-method> <!-- afterSuite -->
      </class> <!-- MyntraTestCases.MyntraTestCase -->
    </test> <!-- Default test -->
  </suite> <!-- Default suite -->
</testng-results>
