<?xml version="1.0" encoding="UTF-8"?>
<!-- Generated by org.testng.reporters.JUnitXMLReporter -->
<testsuite hostname="WIN-Q5M9TTPRAOJ" ignored="0" name="Test1" tests="2" failures="1" timestamp="31 Mar 2018 17:34:57 GMT" time="39.294" errors="0">
  <testcase name="mergeLeads" time="34.861" classname="testcases.TC005_MergeLead"/>
  <testcase name="deleteLeads" time="39.287" classname="testcases.TC003_DeleteLeads">
    <failure type="java.lang.NullPointerException">
      <![CDATA[java.lang.NullPointerException
at wdMethods.SeMethods.getText(SeMethods.java:113)
at testcases.TC003_DeleteLeads.deleteLeads(TC003_DeleteLeads.java:19)
at java.util.concurrent.ThreadPoolExecutor.runWorker(Unknown Source)
at java.util.concurrent.ThreadPoolExecutor$Worker.run(Unknown Source)
at java.lang.Thread.run(Unknown Source)
... Removed 10 stack frames]]>
    </failure>
  </testcase> <!-- deleteLeads -->
</testsuite> <!-- Test1 -->
